2022-10-13 17:53:54,317 [INFO] Activator:177 - 


2022-10-13 17:53:54,317 [INFO] Activator:178 - !SESSION log4j initialized
2022-10-13 17:53:59,255 [INFO] McuFinderGlobals:44 - Set McuFinder mode to 2 (CubeIDE integrated)
2022-10-13 17:54:01,277 [INFO] ApplicationProperties:181 - Using Application install path: C:\ST\STM32CubeIDE_1.10.1\STM32CubeIDE\plugins\com.st.stm32cube.common.mx_6.6.1.202207061420
2022-10-13 17:54:01,301 [INFO] DbMcusXml:77 - Set database path to: C:\ST\STM32CubeIDE_1.10.1\STM32CubeIDE\plugins\com.st.stm32cube.common.mx_6.6.1.202207061420\\db\/mcu/
2022-10-13 17:54:01,301 [INFO] ApiDb:269 - Set plugin database path to: C:\ST\STM32CubeIDE_1.10.1\STM32CubeIDE\plugins\com.st.stm32cube.common.mx_6.6.1.202207061420\\db\/plugins/boardmanager/
2022-10-13 17:54:01,305 [WARN] ApiDb:254 - Overriding images path with different value:  => C:\ST\STM32CubeIDE_1.10.1\STM32CubeIDE\plugins\com.st.stm32cube.common.mx_6.6.1.202207061420\\db\/plugins/mcufinder/images/
2022-10-13 17:54:01,329 [INFO] ApiDb:249 - Set database path to: C:\Users\Mathe\.stmcufinder\plugins\mcufinder//mcu/
2022-10-13 17:54:01,333 [INFO] DbMcusAds:124 - Set database path to: C:\Users\Mathe\.stmcufinder\plugins\mcufinder//mcu/
2022-10-13 17:54:01,337 [INFO] CrossReferenceDbSqlite:201 - Set database path to: C:\Users\Mathe\.stmcufinder\plugins\mcufinder//mcu/cs/
2022-10-13 17:54:01,484 [INFO] RulesReader:61 - Compatibility file has been processed (282 Rules)
2022-10-13 17:54:01,648 [INFO] DbMcusXml:77 - Set database path to: C:\ST\STM32CubeIDE_1.10.1\STM32CubeIDE\plugins\com.st.stm32cube.common.mx_6.6.1.202207061420\\db\/mcu/
2022-10-13 17:54:01,648 [INFO] ApiDb:269 - Set plugin database path to: C:\ST\STM32CubeIDE_1.10.1\STM32CubeIDE\plugins\com.st.stm32cube.common.mx_6.6.1.202207061420\\db\/plugins/boardmanager/
2022-10-13 17:54:01,648 [INFO] ApiDb:256 - Set plugin images path to: C:\ST\STM32CubeIDE_1.10.1\STM32CubeIDE\plugins\com.st.stm32cube.common.mx_6.6.1.202207061420\\db\/plugins/mcufinder/images/
2022-10-13 17:54:01,650 [WARN] DbFile:40 - Overriding database path with different value: C:\Users\Mathe\.stmcufinder\plugins\mcufinder/ => C:\Users\Mathe\.stmcufinder\plugins\mcufinder
2022-10-13 17:54:01,650 [INFO] ApiDb:249 - Set database path to: C:\Users\Mathe\.stmcufinder\plugins\mcufinder//mcu/
2022-10-13 17:54:01,650 [WARN] DbFile:40 - Overriding database path with different value: C:\Users\Mathe\.stmcufinder\plugins\mcufinder/ => C:\Users\Mathe\.stmcufinder\plugins\mcufinder
2022-10-13 17:54:01,650 [INFO] DbMcusAds:124 - Set database path to: C:\Users\Mathe\.stmcufinder\plugins\mcufinder//mcu/
2022-10-13 17:54:01,652 [WARN] DbFile:40 - Overriding database path with different value: C:\Users\Mathe\.stmcufinder\plugins\mcufinder/ => C:\Users\Mathe\.stmcufinder\plugins\mcufinder
2022-10-13 17:54:01,652 [WARN] DbFile:40 - Overriding database path with different value: C:\Users\Mathe\.stmcufinder\plugins\mcufinder/ => C:\Users\Mathe\.stmcufinder\plugins\mcufinder
2022-10-13 17:54:01,652 [INFO] CrossReferenceDbSqlite:201 - Set database path to: C:\Users\Mathe\.stmcufinder\plugins\mcufinder//mcu/cs/
2022-10-13 17:54:01,758 [INFO] MainPanel:242 - HeapMemory: 268435456
2022-10-13 17:54:01,876 [INFO] DbMcusXml:77 - Set database path to: C:\ST\STM32CubeIDE_1.10.1\STM32CubeIDE\plugins\com.st.stm32cube.common.mx_6.6.1.202207061420\\db\/mcu/
2022-10-13 17:54:01,878 [INFO] ApiDb:269 - Set plugin database path to: C:\ST\STM32CubeIDE_1.10.1\STM32CubeIDE\plugins\com.st.stm32cube.common.mx_6.6.1.202207061420\\db\/plugins/boardmanager/
2022-10-13 17:54:01,878 [INFO] ApiDb:256 - Set plugin images path to: C:\ST\STM32CubeIDE_1.10.1\STM32CubeIDE\plugins\com.st.stm32cube.common.mx_6.6.1.202207061420\\db\/plugins/mcufinder/images/
2022-10-13 17:54:01,878 [WARN] DbFile:40 - Overriding database path with different value: C:\Users\Mathe\.stmcufinder\plugins\mcufinder/ => C:\Users\Mathe\.stmcufinder\plugins\mcufinder
2022-10-13 17:54:01,880 [INFO] ApiDb:249 - Set database path to: C:\Users\Mathe\.stmcufinder\plugins\mcufinder//mcu/
2022-10-13 17:54:01,880 [WARN] DbFile:40 - Overriding database path with different value: C:\Users\Mathe\.stmcufinder\plugins\mcufinder/ => C:\Users\Mathe\.stmcufinder\plugins\mcufinder
2022-10-13 17:54:01,880 [INFO] DbMcusAds:124 - Set database path to: C:\Users\Mathe\.stmcufinder\plugins\mcufinder//mcu/
2022-10-13 17:54:01,880 [WARN] DbFile:40 - Overriding database path with different value: C:\Users\Mathe\.stmcufinder\plugins\mcufinder/ => C:\Users\Mathe\.stmcufinder\plugins\mcufinder
2022-10-13 17:54:01,880 [WARN] DbFile:40 - Overriding database path with different value: C:\Users\Mathe\.stmcufinder\plugins\mcufinder/ => C:\Users\Mathe\.stmcufinder\plugins\mcufinder
2022-10-13 17:54:01,882 [INFO] CrossReferenceDbSqlite:201 - Set database path to: C:\Users\Mathe\.stmcufinder\plugins\mcufinder//mcu/cs/
2022-10-13 17:54:01,927 [INFO] ApplicationProperties:181 - Using Application install path: C:\ST\STM32CubeIDE_1.10.1\STM32CubeIDE\plugins\com.st.stm32cube.common.mx_6.6.1.202207061420
2022-10-13 17:54:01,931 [INFO] PluginManage:193 - Search for loadable plugins [exclusion list=, ]
2022-10-13 17:54:01,933 [INFO] PluginManage:307 - Check plugin analytics
2022-10-13 17:54:02,151 [INFO] AnalyticsPlugin:262 - Accepted Software Licenses: 
2022-10-13 17:54:02,153 [INFO] AnalyticsPlugin:264 - Accepted CMSIS Pack Licenses: 
2022-10-13 17:54:02,153 [INFO] AnalyticsPlugin:266 - Accepted Firmware Licenses: 
2022-10-13 17:54:02,167 [INFO] PluginManage:356 - Loaded plugin analytics (category:tool,tabindex:-1)
2022-10-13 17:54:02,169 [INFO] PluginManage:307 - Check plugin cadmodel
2022-10-13 17:54:02,173 [INFO] CADModel:65 - Init CAD model plugin
2022-10-13 17:54:02,173 [INFO] PluginManage:356 - Loaded plugin cadmodel (category:power,tabindex:5)
2022-10-13 17:54:02,173 [INFO] PluginManage:307 - Check plugin clock
2022-10-13 17:54:02,191 [INFO] PluginManage:356 - Loaded plugin clock (category:base,tabindex:2)
2022-10-13 17:54:02,193 [INFO] PluginManage:307 - Check plugin ddr
2022-10-13 17:54:02,197 [INFO] PluginManage:356 - Loaded plugin ddr (category:tool,tabindex:6)
2022-10-13 17:54:02,197 [INFO] PluginManage:307 - Check plugin filemanager
2022-10-13 17:54:02,448 [INFO] PluginManage:356 - Loaded plugin filemanager (category:base,tabindex:10)
2022-10-13 17:54:02,448 [INFO] PluginManage:307 - Check plugin ipmanager
2022-10-13 17:54:02,461 [INFO] PluginManage:356 - Loaded plugin ipmanager (category:base,tabindex:5)
2022-10-13 17:54:02,462 [INFO] PluginManage:307 - Check plugin lpbam
2022-10-13 17:54:02,475 [INFO] PluginManage:356 - Loaded plugin lpbam (category:base,tabindex:0)
2022-10-13 17:54:02,475 [INFO] PluginManage:307 - Check plugin pinoutandconfiguration
2022-10-13 17:54:02,489 [INFO] PluginManage:356 - Loaded plugin pinoutandconfiguration (category:base,tabindex:1)
2022-10-13 17:54:02,489 [INFO] PluginManage:307 - Check plugin pinoutconfig
2022-10-13 17:54:02,537 [INFO] PluginManage:356 - Loaded plugin pinoutconfig (category:base,tabindex:0)
2022-10-13 17:54:02,539 [INFO] PluginManage:307 - Check plugin power
2022-10-13 17:54:02,551 [INFO] PluginManage:356 - Loaded plugin power (category:power,tabindex:4)
2022-10-13 17:54:02,551 [INFO] PluginManage:307 - Check plugin projectmanager
2022-10-13 17:54:02,579 [INFO] PluginManage:356 - Loaded plugin projectmanager (category:projectmanager,tabindex:3)
2022-10-13 17:54:02,579 [INFO] PluginManage:307 - Check plugin thirdparty
2022-10-13 17:54:02,758 [WARN] IntegrityCheckThread:82 - waiting for thirdparty lock release [integrity check]
2022-10-13 17:54:02,760 [INFO] PluginManage:356 - Loaded plugin thirdparty (category:base,tabindex:-1)
2022-10-13 17:54:02,760 [INFO] IntegrityCheckThread:84 - entering critical section [integrity check]
2022-10-13 17:54:02,760 [INFO] PluginManage:307 - Check plugin tools
2022-10-13 17:54:02,766 [INFO] ThirdPartyUpdaterWithRetryManager:70 - Updater plugin not ready yet. [1/15]
2022-10-13 17:54:02,766 [INFO] PluginManage:356 - Loaded plugin tools (category:base,tabindex:7)
2022-10-13 17:54:02,768 [INFO] PluginManage:307 - Check plugin tutovideos
2022-10-13 17:54:03,047 [INFO] PluginManage:356 - Loaded plugin tutovideos (category:base,tabindex:-1)
2022-10-13 17:54:03,048 [INFO] PluginManage:307 - Check plugin updater
2022-10-13 17:54:03,069 [INFO] PluginManage:356 - Loaded plugin updater (category:base,tabindex:12)
2022-10-13 17:54:03,070 [INFO] PluginManage:280 - PluginManage : Loaded plugins [15]
2022-10-13 17:54:03,464 [INFO] PinOutPanel:1468 - setPackage(No Configuration,No Configuration)
2022-10-13 17:54:03,570 [INFO] CADModel:98 - CPN selected for project level
2022-10-13 17:54:03,596 [INFO] IPUIPlugin:79 - create IPUIPlugin
2022-10-13 17:54:03,596 [INFO] PluginManager:217 - loadIPPluginJar : add adc
2022-10-13 17:54:03,602 [INFO] IPUIPlugin:79 - create IPUIPlugin
2022-10-13 17:54:03,602 [INFO] PluginManager:217 - loadIPPluginJar : add aes
2022-10-13 17:54:03,606 [INFO] IPUIPlugin:79 - create IPUIPlugin
2022-10-13 17:54:03,608 [INFO] PluginManager:217 - loadIPPluginJar : add can
2022-10-13 17:54:03,610 [INFO] IPUIPlugin:79 - create IPUIPlugin
2022-10-13 17:54:03,610 [INFO] PluginManager:217 - loadIPPluginJar : add comp
2022-10-13 17:54:03,614 [INFO] IPUIPlugin:79 - create IPUIPlugin
2022-10-13 17:54:03,614 [INFO] PluginManager:217 - loadIPPluginJar : add cryp
2022-10-13 17:54:03,618 [INFO] IPUIPlugin:79 - create IPUIPlugin
2022-10-13 17:54:03,618 [INFO] PluginManager:217 - loadIPPluginJar : add dfsdm
2022-10-13 17:54:03,626 [INFO] IPUIPlugin:79 - create IPUIPlugin
2022-10-13 17:54:03,628 [INFO] PluginManager:217 - loadIPPluginJar : add dma
2022-10-13 17:54:03,632 [INFO] IPUIPlugin:79 - create IPUIPlugin
2022-10-13 17:54:03,632 [INFO] PluginManager:217 - loadIPPluginJar : add dma3
2022-10-13 17:54:03,634 [INFO] IPUIPlugin:79 - create IPUIPlugin
2022-10-13 17:54:03,634 [INFO] PluginManager:217 - loadIPPluginJar : add fatfs
2022-10-13 17:54:03,642 [INFO] IPUIPlugin:79 - create IPUIPlugin
2022-10-13 17:54:03,642 [INFO] PluginManager:217 - loadIPPluginJar : add fmc
2022-10-13 17:54:03,652 [INFO] IPUIPlugin:79 - create IPUIPlugin
2022-10-13 17:54:03,652 [INFO] PluginManager:217 - loadIPPluginJar : add freertos
2022-10-13 17:54:03,654 [INFO] IPUIPlugin:79 - create IPUIPlugin
2022-10-13 17:54:03,654 [INFO] PluginManager:217 - loadIPPluginJar : add genericplugin
2022-10-13 17:54:03,658 [INFO] IPUIPlugin:79 - create IPUIPlugin
2022-10-13 17:54:03,658 [INFO] PluginManager:217 - loadIPPluginJar : add gfxmmu
2022-10-13 17:54:03,666 [INFO] IPUIPlugin:79 - create IPUIPlugin
2022-10-13 17:54:03,666 [INFO] PluginManager:217 - loadIPPluginJar : add gic
2022-10-13 17:54:03,672 [INFO] IPUIPlugin:79 - create IPUIPlugin
2022-10-13 17:54:03,672 [INFO] PluginManager:217 - loadIPPluginJar : add gpio
2022-10-13 17:54:03,676 [INFO] IPUIPlugin:79 - create IPUIPlugin
2022-10-13 17:54:03,676 [INFO] PluginManager:217 - loadIPPluginJar : add gtzc
2022-10-13 17:54:03,680 [INFO] IPUIPlugin:79 - create IPUIPlugin
2022-10-13 17:54:03,682 [INFO] PluginManager:217 - loadIPPluginJar : add hash
2022-10-13 17:54:03,687 [INFO] IPUIPlugin:79 - create IPUIPlugin
2022-10-13 17:54:03,688 [INFO] PluginManager:217 - loadIPPluginJar : add i2c
2022-10-13 17:54:03,691 [INFO] IPUIPlugin:79 - create IPUIPlugin
2022-10-13 17:54:03,692 [INFO] PluginManager:217 - loadIPPluginJar : add i2s
2022-10-13 17:54:03,696 [INFO] IPUIPlugin:79 - create IPUIPlugin
2022-10-13 17:54:03,697 [INFO] PluginManager:217 - loadIPPluginJar : add ipddr
2022-10-13 17:54:03,708 [INFO] IPUIPlugin:79 - create IPUIPlugin
2022-10-13 17:54:03,708 [INFO] PluginManager:217 - loadIPPluginJar : add linkedlist
2022-10-13 17:54:03,714 [INFO] IPUIPlugin:79 - create IPUIPlugin
2022-10-13 17:54:03,714 [INFO] PluginManager:217 - loadIPPluginJar : add lorawan
2022-10-13 17:54:03,716 [INFO] IPUIPlugin:79 - create IPUIPlugin
2022-10-13 17:54:03,716 [INFO] PluginManager:217 - loadIPPluginJar : add ltdc
2022-10-13 17:54:03,722 [INFO] IPUIPlugin:79 - create IPUIPlugin
2022-10-13 17:54:03,722 [INFO] PluginManager:217 - loadIPPluginJar : add mdma
2022-10-13 17:54:03,726 [INFO] IPUIPlugin:79 - create IPUIPlugin
2022-10-13 17:54:03,728 [INFO] PluginManager:217 - loadIPPluginJar : add nvic
2022-10-13 17:54:03,732 [INFO] IPUIPlugin:79 - create IPUIPlugin
2022-10-13 17:54:03,732 [INFO] PluginManager:217 - loadIPPluginJar : add opamp
2022-10-13 17:54:03,736 [INFO] IPUIPlugin:79 - create IPUIPlugin
2022-10-13 17:54:03,736 [INFO] PluginManager:217 - loadIPPluginJar : add openamp
2022-10-13 17:54:03,740 [INFO] IPUIPlugin:79 - create IPUIPlugin
2022-10-13 17:54:03,742 [INFO] PluginManager:217 - loadIPPluginJar : add pdm2pcm
2022-10-13 17:54:03,752 [INFO] IPUIPlugin:79 - create IPUIPlugin
2022-10-13 17:54:03,756 [INFO] PluginManager:217 - loadIPPluginJar : add plateformsettings
2022-10-13 17:54:03,758 [INFO] IPUIPlugin:79 - create IPUIPlugin
2022-10-13 17:54:03,760 [INFO] PluginManager:217 - loadIPPluginJar : add quadspi
2022-10-13 17:54:03,764 [INFO] IPUIPlugin:79 - create IPUIPlugin
2022-10-13 17:54:03,764 [INFO] PluginManager:217 - loadIPPluginJar : add resmgrutility
2022-10-13 17:54:03,768 [INFO] IPUIPlugin:79 - create IPUIPlugin
2022-10-13 17:54:03,770 [INFO] PluginManager:217 - loadIPPluginJar : add sai
2022-10-13 17:54:03,772 [INFO] IPUIPlugin:79 - create IPUIPlugin
2022-10-13 17:54:03,772 [INFO] PluginManager:217 - loadIPPluginJar : add spi
2022-10-13 17:54:03,780 [INFO] IPUIPlugin:79 - create IPUIPlugin
2022-10-13 17:54:03,782 [INFO] PluginManager:217 - loadIPPluginJar : add stm32_wpan
2022-10-13 17:54:03,784 [INFO] IPUIPlugin:79 - create IPUIPlugin
2022-10-13 17:54:03,786 [INFO] PluginManager:217 - loadIPPluginJar : add tim
2022-10-13 17:54:03,790 [INFO] IPUIPlugin:79 - create IPUIPlugin
2022-10-13 17:54:03,792 [INFO] PluginManager:217 - loadIPPluginJar : add touchsensing
2022-10-13 17:54:03,794 [INFO] IPUIPlugin:79 - create IPUIPlugin
2022-10-13 17:54:03,794 [INFO] PluginManager:217 - loadIPPluginJar : add tracer_emb
2022-10-13 17:54:03,798 [INFO] IPUIPlugin:79 - create IPUIPlugin
2022-10-13 17:54:03,798 [INFO] PluginManager:217 - loadIPPluginJar : add ts
2022-10-13 17:54:03,800 [INFO] IPUIPlugin:79 - create IPUIPlugin
2022-10-13 17:54:03,800 [INFO] PluginManager:217 - loadIPPluginJar : add tsc
2022-10-13 17:54:03,804 [INFO] IPUIPlugin:79 - create IPUIPlugin
2022-10-13 17:54:03,804 [INFO] PluginManager:217 - loadIPPluginJar : add ucpd
2022-10-13 17:54:03,809 [INFO] IPUIPlugin:79 - create IPUIPlugin
2022-10-13 17:54:03,809 [INFO] PluginManager:217 - loadIPPluginJar : add usart
2022-10-13 17:54:03,815 [INFO] IPUIPlugin:79 - create IPUIPlugin
2022-10-13 17:54:03,815 [INFO] PluginManager:217 - loadIPPluginJar : add usbx
2022-10-13 17:54:04,249 [FATAL] Updater:301 - Updater called before beeing initialized
2022-10-13 17:54:04,419 [FATAL] Updater:301 - Updater called before beeing initialized
2022-10-13 17:54:04,431 [INFO] DbMcusAds:52 - JSON generation date=Thu Sep 30 03:55:09 BRT 2021 (1632984909247)
2022-10-13 17:54:04,431 [FATAL] Updater:301 - Updater called before beeing initialized
2022-10-13 17:54:04,487 [WARN] DetailPanel:344 - Failed to get advertising image, set to default
2022-10-13 17:54:04,669 [FATAL] Updater:301 - Updater called before beeing initialized
2022-10-13 17:54:04,671 [FATAL] Updater:301 - Updater called before beeing initialized
2022-10-13 17:54:04,671 [FATAL] Updater:301 - Updater called before beeing initialized
2022-10-13 17:54:04,671 [WARN] DetailPanel:344 - Failed to get advertising image, set to default
2022-10-13 17:54:04,673 [FATAL] Updater:301 - Updater called before beeing initialized
2022-10-13 17:54:04,727 [ERROR] Updater:1105 - MainUpdater not yet initialized. External WinMGr cannot be set.
2022-10-13 17:54:04,729 [INFO] Updater:1041 - Updater Version found : 6.6.1
2022-10-13 17:54:04,749 [INFO] ApplicationProperties:181 - Using Application install path: C:\ST\STM32CubeIDE_1.10.1\STM32CubeIDE\plugins\com.st.stm32cube.common.mx_6.6.1.202207061420
2022-10-13 17:54:05,637 [INFO] MainUpdater:2768 - connection check result : 10
2022-10-13 17:54:05,639 [INFO] MainUpdater:3453 - Updater definition file requires update
2022-10-13 17:54:05,641 [INFO] MainUpdater:280 - Updater Check For Update Now.
2022-10-13 17:54:05,643 [INFO] MicroXplorer:481 - Change Database Version : DB.6.0.60
2022-10-13 17:54:05,780 [INFO] ServerAccessManage:474 - Download File updaters.zip
2022-10-13 17:54:05,784 [WARN] MainUpdater:1184 - Updater busy. Cannot search thirdparties
2022-10-13 17:54:05,784 [INFO] ThirdPartyUpdaterWithRetryManager:96 - Updater plugin is busy. [1/15]
2022-10-13 17:54:06,119 [INFO] FileExtend:239 - Unzip File : updaters.zip
2022-10-13 17:54:06,119 [INFO] FileExtend:254 - Standard Zip Deflate
2022-10-13 17:54:06,711 [INFO] ServerAccessManage:474 - Download File PacksControlFlags.xml
2022-10-13 17:54:06,830 [INFO] ServerAccessManage:474 - Download File cubemx.pidx
2022-10-13 17:54:06,954 [INFO] LoadServerUpdatesThread:367 - End of LoadServerUpdate Thread
2022-10-13 17:54:06,991 [WARN] CheckServerUpdateThread:148 - Open CheckUpdateFile Fail
2022-10-13 17:54:07,126 [INFO] CheckServerUpdateThread:119 - End of CheckServer Thread
2022-10-13 17:54:07,327 [INFO] MainUpdater:2768 - connection check result : 10
2022-10-13 17:54:07,329 [INFO] McuFinderGlobals:57 - Set McuFinderConnectedMode to true
2022-10-13 17:54:07,534 [INFO] ServerAccessManage:474 - Download File mcusAds.json._tmp_
2022-10-13 17:54:07,656 [INFO] LoadUrlFilesThread:150 - End of LoadUrlFiles Thread
2022-10-13 17:54:07,757 [INFO] ServerAccessManage:474 - Download File cube-finder-db.zip
2022-10-13 17:54:08,790 [WARN] MainUpdater:1184 - Updater busy. Cannot search thirdparties
2022-10-13 17:54:08,790 [INFO] ThirdPartyUpdaterWithRetryManager:96 - Updater plugin is busy. [2/15]
2022-10-13 17:54:11,802 [WARN] MainUpdater:1184 - Updater busy. Cannot search thirdparties
2022-10-13 17:54:11,802 [INFO] ThirdPartyUpdaterWithRetryManager:96 - Updater plugin is busy. [3/15]
2022-10-13 17:54:12,252 [INFO] FileExtend:239 - Unzip File : cube-finder-db.zip
2022-10-13 17:54:12,252 [INFO] FileExtend:254 - Standard Zip Deflate
2022-10-13 17:54:12,895 [INFO] LoadUrlFilesThread:150 - End of LoadUrlFiles Thread
2022-10-13 17:54:13,791 [INFO] ServerAccessManage:474 - Download File crdb.zip
2022-10-13 17:54:14,810 [WARN] MainUpdater:1184 - Updater busy. Cannot search thirdparties
2022-10-13 17:54:14,810 [INFO] ThirdPartyUpdaterWithRetryManager:96 - Updater plugin is busy. [4/15]
2022-10-13 17:54:15,093 [INFO] FileExtend:239 - Unzip File : crdb.zip
2022-10-13 17:54:15,093 [INFO] FileExtend:254 - Standard Zip Deflate
2022-10-13 17:54:15,245 [INFO] LoadUrlFilesThread:150 - End of LoadUrlFiles Thread
2022-10-13 17:54:15,348 [INFO] ServerAccessManage:474 - Download File tutoVideoDB.zip
2022-10-13 17:54:15,474 [INFO] FileExtend:239 - Unzip File : tutoVideoDB.zip
2022-10-13 17:54:15,474 [INFO] FileExtend:254 - Standard Zip Deflate
2022-10-13 17:54:15,611 [INFO] LoadUrlFilesThread:150 - End of LoadUrlFiles Thread
2022-10-13 17:54:15,623 [INFO] JxBrowserEngine:106 - Initiate JxBrowser Engine with user profile folder
2022-10-13 17:54:15,863 [ERROR] JxBrowserEngine:59 - Can't initiate JxBrowser engine com.teamdev.jxbrowser.engine.ChromiumBinariesExtractionException: Failed to extract Chromium binaries into C:\Users\Mathe\.stm32cubemx\.jxbrowser\Chromium
2022-10-13 17:54:15,865 [WARN] DbFile:40 - Overriding database path with different value: C:\Users\Mathe\.stmcufinder\plugins\mcufinder/ => C:\Users\Mathe\.stmcufinder\plugins\mcufinder
2022-10-13 17:54:15,959 [INFO] ServerAccessManage:474 - Download File api_config.json
2022-10-13 17:54:16,069 [INFO] LoadUrlFilesThread:150 - End of LoadUrlFiles Thread
2022-10-13 17:54:16,071 [INFO] DbMcusAds:52 - JSON generation date=Thu Sep 30 03:55:09 BRT 2021 (1632984909377)
2022-10-13 17:54:16,163 [INFO] ServerAccessManage:474 - Download File 
2022-10-13 17:54:16,179 [INFO] LoadUrlFilesThread:177 - End of LoadServerUrlFiles without Thread
2022-10-13 17:54:16,179 [INFO] TargetSelectorAdapter:228 - Refresh data is successful
2022-10-13 17:54:16,287 [INFO] ApiDb:576 - Connected to CubeFinder SQLite database (C:\Users\Mathe\.stmcufinder\plugins\mcufinder\mcu\cube-finder-db.db)
2022-10-13 17:54:16,323 [INFO] ApiDb:663 - CubeFinder database Data Model version=2.1
2022-10-13 17:54:16,323 [INFO] ApiDb:664 - CubeFinder database Configuration version=3.0.32
2022-10-13 17:54:16,323 [INFO] ApiDb:665 - CubeFinder database generation date=2022-08-05 (1659688109)
2022-10-13 17:54:16,323 [INFO] ApiDb:666 - CubeFinder database FW Pack versions=[STM32Cube_FW_C0_V1.0.0, STM32Cube_FW_F4_V1.27.1, STM32Cube_FW_F7_V1.17.0, STM32Cube_FW_G0_V1.6.1, STM32Cube_FW_G4_V1.5.0, STM32Cube_FW_H7_V1.10.0, STM32Cube_FW_L5_V1.4.0, STM32Cube_FW_U5_V1.1.1, STM32Cube_FW_WB_V1.14.1, STM32Cube_FW_WL_V1.2.0, X-CUBE-ALGOBUILD_V1.3.0, X-CUBE-ALS_V1.0.1, X-CUBE-AZRTOS-F4_V1.1.0, X-CUBE-AZRTOS-F7_V1.1.0, X-CUBE-AZRTOS-G0_V1.1.0, X-CUBE-AZRTOS-G4_V1.0.0, X-CUBE-AZRTOS-H7_V2.1.0, X-CUBE-AZRTOS-L4_V1.0.0, X-CUBE-AZRTOS-L5_V1.0.0, X-CUBE-AZRTOS-WL_V1.0.0, X-CUBE-BLE1_V6.2.3, X-CUBE-BLE2_V3.3.0, X-CUBE-EEPRMA1_V3.1.1, X-CUBE-GNSS1_V6.0.0, X-CUBE-MEMS1_V9.1.0, X-CUBE-MEMS1_V9.3.0, X-CUBE-NFC4_V2.0.4, X-CUBE-NFC7_V1.0.0, X-CUBE-SFXS2LP1_V4.0.0, X-CUBE-SUBG2_V5.0.0]
2022-10-13 17:54:18,006 [WARN] PackLoader:242 - Cannot read IP mode file for STMicroelectronics.X-CUBE-GNSS1.6.0.0
2022-10-13 17:54:18,020 [WARN] PackLoader:242 - Cannot read IP mode file for STMicroelectronics.X-CUBE-BLE1.6.2.3
2022-10-13 17:54:18,032 [WARN] PackLoader:242 - Cannot read IP mode file for STMicroelectronics.X-CUBE-NFC4.2.0.4
2022-10-13 17:54:18,044 [WARN] PackLoader:242 - Cannot read IP mode file for STMicroelectronics.X-CUBE-NFC7.1.0.0
2022-10-13 17:54:18,054 [WARN] PackLoader:242 - Cannot read IP mode file for STMicroelectronics.X-CUBE-BLE2.3.3.0
2022-10-13 17:54:18,070 [WARN] PackLoader:242 - Cannot read IP mode file for STMicroelectronics.X-CUBE-DISPLAY.2.2.0
2022-10-13 17:54:18,102 [WARN] PackLoader:242 - Cannot read IP mode file for STMicroelectronics.X-CUBE-SUBG2.5.0.0
2022-10-13 17:54:18,124 [WARN] PackLoader:242 - Cannot read IP mode file for STMicroelectronics.X-CUBE-ALS.1.0.1
2022-10-13 17:54:18,135 [WARN] PackLoader:242 - Cannot read IP mode file for STMicroelectronics.X-CUBE-EEPRMA1.3.1.1
2022-10-13 17:54:18,139 [INFO] ThirdParty:929 - Integrity check success = true
2022-10-13 17:54:18,139 [INFO] IntegrityCheckThread:98 - exiting critical section [integrity check]
2022-10-13 17:54:18,139 [INFO] IntegrityCheckThread:101 - End integrity checks thread
2022-10-13 17:54:19,022 [INFO] ApiDb:239 - Found 138 in-development CPN: [B-WB1M-WPAN1, NUCLEO-C031C6, STEVAL-STWINBX1, STM320518-EVAL, STM32C0116-DK, STM32C011D6Y3TR, STM32C011D6Y6TR, STM32C011F4P3, STM32C011F4P6, STM32C011F4U3, STM32C011F4U6TR, STM32C011F6P3, STM32C011F6P6, STM32C011F6U3, STM32C011F6U6TR, STM32C011J4M3, STM32C011J4M6, STM32C011J6M3, STM32C011J6M6, STM32C0316-DK, STM32C031C4T3, STM32C031C4T6, STM32C031C4U3, STM32C031C4U6, STM32C031C6T3, STM32C031C6T6, STM32C031C6U3, STM32C031C6U6, STM32C031F4P3, STM32C031F4P6, STM32C031F6P3, STM32C031F6P6, STM32C031G4U3, STM32C031G4U6, STM32C031G6U3, STM32C031G6U6, STM32C031K4T3, STM32C031K4T6, STM32C031K4U3, STM32C031K4U6, STM32C031K6T3, STM32C031K6T6, STM32C031K6U3, STM32C031K6U6, STM32G071K8TXN, STM32G071K8UXN, STM32G081GBU6N, STM32G081KBT6N, STM32G081KBUXN, STM32G0B1CCT6N, STM32G0B1KCT6, STM32G0B1NEY6TR, STM32G0B1RCT6N, STM32G0C1CCT6, STM32G0C1CCT6N, STM32G0C1CCU6N, STM32G0C1CET6N, STM32G0C1CEU6N, STM32G0C1KCT6, STM32G0C1NEY6TR, STM32G0C1RCI6N, STM32G0C1RCT6N, STM32G0C1REI6N, STM32G0C1RET6N, STM32G0C1VCI6, STM32G0C1VEI6, STM32G471CCT6, STM32G471CCU6, STM32G471CET3, STM32G471CET6, STM32G471CEU3, STM32G471CEU6, STM32G471MCT6, STM32G471MET3, STM32G471MET6, STM32G471MEY6TR, STM32G471QCT6, STM32G471QET3, STM32G471RCT6, STM32G471RET3, STM32G471RET6, STM32G471VCH6, STM32G471VCI6, STM32G471VCT6, STM32G471VEH3, STM32G471VEH6, STM32G471VEI3, STM32G471VEI6, STM32G471VET3, STM32G471VET6, STM32G474CCT6, STM32L476VGY6PTR, STM32L4R5QGI6STR, STM32MP131AAE3, STM32MP131AAF3, STM32MP131AAG3, STM32MP131CAE3, STM32MP131CAF3, STM32MP131CAG3, STM32MP131DAE7, STM32MP131DAF7, STM32MP131DAG7, STM32MP131FAE7, STM32MP131FAF7, STM32MP131FAG7, STM32MP133AAE3, STM32MP133AAF3, STM32MP133AAG3, STM32MP133CAE3, STM32MP133CAF3, STM32MP133CAG3, STM32MP133DAE7, STM32MP133DAF7, STM32MP133DAG7, STM32MP133FAE7, STM32MP133FAF7, STM32MP133FAG7, STM32MP135AAE3, STM32MP135AAF3, STM32MP135AAG3, STM32MP135CAE3, STM32MP135CAF3, STM32MP135CAG3, STM32MP135DAE7, STM32MP135DAF7, STM32MP135DAG7, STM32MP135F-DK, STM32MP135FAE7, STM32MP135FAF7, STM32MP135FAG7, STM32U595ZJT6Q, STM32U599BJY6QTR, STM32U599NIH6Q, STM32U599NJH6Q, STM32U5A5ZJT6Q, STM32U5A9BJY6QTR, STM32U5A9NJH6Q, STM32WB1MMCH6]
2022-10-13 17:54:19,027 [INFO] DbMcus:215 - Found 3542 MCUs, 3542 are supported
2022-10-13 17:54:19,032 [INFO] ApiDb:418 - Load user favorites file C:\Users\Mathe/.stm32cubeide/favorites.mcus.txt: 0 item(s)
2022-10-13 17:54:19,032 [INFO] ApiDb:422 - User favorites MCUs=[]
2022-10-13 17:54:19,034 [INFO] DbMcus:221 - Set 0 / 0 favorites MCUs
2022-10-13 17:54:19,038 [INFO] ApiDb:663 - CubeFinder database Data Model version=2.1
2022-10-13 17:54:19,038 [INFO] ApiDb:664 - CubeFinder database Configuration version=3.0.32
2022-10-13 17:54:19,038 [INFO] ApiDb:665 - CubeFinder database generation date=2022-08-05 (1659688109)
2022-10-13 17:54:19,038 [INFO] ApiDb:666 - CubeFinder database FW Pack versions=[STM32Cube_FW_C0_V1.0.0, STM32Cube_FW_F4_V1.27.1, STM32Cube_FW_F7_V1.17.0, STM32Cube_FW_G0_V1.6.1, STM32Cube_FW_G4_V1.5.0, STM32Cube_FW_H7_V1.10.0, STM32Cube_FW_L5_V1.4.0, STM32Cube_FW_U5_V1.1.1, STM32Cube_FW_WB_V1.14.1, STM32Cube_FW_WL_V1.2.0, X-CUBE-ALGOBUILD_V1.3.0, X-CUBE-ALS_V1.0.1, X-CUBE-AZRTOS-F4_V1.1.0, X-CUBE-AZRTOS-F7_V1.1.0, X-CUBE-AZRTOS-G0_V1.1.0, X-CUBE-AZRTOS-G4_V1.0.0, X-CUBE-AZRTOS-H7_V2.1.0, X-CUBE-AZRTOS-L4_V1.0.0, X-CUBE-AZRTOS-L5_V1.0.0, X-CUBE-AZRTOS-WL_V1.0.0, X-CUBE-BLE1_V6.2.3, X-CUBE-BLE2_V3.3.0, X-CUBE-EEPRMA1_V3.1.1, X-CUBE-GNSS1_V6.0.0, X-CUBE-MEMS1_V9.1.0, X-CUBE-MEMS1_V9.3.0, X-CUBE-NFC4_V2.0.4, X-CUBE-NFC7_V1.0.0, X-CUBE-SFXS2LP1_V4.0.0, X-CUBE-SUBG2_V5.0.0]
2022-10-13 17:54:19,112 [INFO] DbBoardsSqlite:227 - include board P-NUCLEO-WB55-NUCLEO as a kit item of type 'Nucleo-64'
2022-10-13 17:54:19,112 [INFO] DbBoardsSqlite:227 - include board P-NUCLEO-WB55-USBDONGLE as a kit item of type 'Nucleo USB Dongle'
2022-10-13 17:54:19,112 [INFO] DbBoardsSqlite:227 - include board STEVAL-IDP005V1 as a kit item of type 'Evaluation Board'
2022-10-13 17:54:19,112 [INFO] DbBoardsSqlite:227 - include board STEVAL-IDP005V2 as a kit item of type 'Evaluation Board'
2022-10-13 17:54:19,124 [INFO] ApiDb:239 - Found 138 in-development CPN: [B-WB1M-WPAN1, NUCLEO-C031C6, STEVAL-STWINBX1, STM320518-EVAL, STM32C0116-DK, STM32C011D6Y3TR, STM32C011D6Y6TR, STM32C011F4P3, STM32C011F4P6, STM32C011F4U3, STM32C011F4U6TR, STM32C011F6P3, STM32C011F6P6, STM32C011F6U3, STM32C011F6U6TR, STM32C011J4M3, STM32C011J4M6, STM32C011J6M3, STM32C011J6M6, STM32C0316-DK, STM32C031C4T3, STM32C031C4T6, STM32C031C4U3, STM32C031C4U6, STM32C031C6T3, STM32C031C6T6, STM32C031C6U3, STM32C031C6U6, STM32C031F4P3, STM32C031F4P6, STM32C031F6P3, STM32C031F6P6, STM32C031G4U3, STM32C031G4U6, STM32C031G6U3, STM32C031G6U6, STM32C031K4T3, STM32C031K4T6, STM32C031K4U3, STM32C031K4U6, STM32C031K6T3, STM32C031K6T6, STM32C031K6U3, STM32C031K6U6, STM32G071K8TXN, STM32G071K8UXN, STM32G081GBU6N, STM32G081KBT6N, STM32G081KBUXN, STM32G0B1CCT6N, STM32G0B1KCT6, STM32G0B1NEY6TR, STM32G0B1RCT6N, STM32G0C1CCT6, STM32G0C1CCT6N, STM32G0C1CCU6N, STM32G0C1CET6N, STM32G0C1CEU6N, STM32G0C1KCT6, STM32G0C1NEY6TR, STM32G0C1RCI6N, STM32G0C1RCT6N, STM32G0C1REI6N, STM32G0C1RET6N, STM32G0C1VCI6, STM32G0C1VEI6, STM32G471CCT6, STM32G471CCU6, STM32G471CET3, STM32G471CET6, STM32G471CEU3, STM32G471CEU6, STM32G471MCT6, STM32G471MET3, STM32G471MET6, STM32G471MEY6TR, STM32G471QCT6, STM32G471QET3, STM32G471RCT6, STM32G471RET3, STM32G471RET6, STM32G471VCH6, STM32G471VCI6, STM32G471VCT6, STM32G471VEH3, STM32G471VEH6, STM32G471VEI3, STM32G471VEI6, STM32G471VET3, STM32G471VET6, STM32G474CCT6, STM32L476VGY6PTR, STM32L4R5QGI6STR, STM32MP131AAE3, STM32MP131AAF3, STM32MP131AAG3, STM32MP131CAE3, STM32MP131CAF3, STM32MP131CAG3, STM32MP131DAE7, STM32MP131DAF7, STM32MP131DAG7, STM32MP131FAE7, STM32MP131FAF7, STM32MP131FAG7, STM32MP133AAE3, STM32MP133AAF3, STM32MP133AAG3, STM32MP133CAE3, STM32MP133CAF3, STM32MP133CAG3, STM32MP133DAE7, STM32MP133DAF7, STM32MP133DAG7, STM32MP133FAE7, STM32MP133FAF7, STM32MP133FAG7, STM32MP135AAE3, STM32MP135AAF3, STM32MP135AAG3, STM32MP135CAE3, STM32MP135CAF3, STM32MP135CAG3, STM32MP135DAE7, STM32MP135DAF7, STM32MP135DAG7, STM32MP135F-DK, STM32MP135FAE7, STM32MP135FAF7, STM32MP135FAG7, STM32U595ZJT6Q, STM32U599BJY6QTR, STM32U599NIH6Q, STM32U599NJH6Q, STM32U5A5ZJT6Q, STM32U5A9BJY6QTR, STM32U5A9NJH6Q, STM32WB1MMCH6]
2022-10-13 17:54:19,285 [INFO] BoardInfo:879 - No configuration file found for board P-NUCLEO-WB55
2022-10-13 17:54:19,287 [INFO] DbBoards:156 - Kit is not supported: P-NUCLEO-WB55
2022-10-13 17:54:19,293 [INFO] BoardInfo:879 - No configuration file found for board STEVAL-BFA001V1B
2022-10-13 17:54:19,293 [INFO] DbBoards:156 - Kit is not supported: STEVAL-BFA001V1B
2022-10-13 17:54:19,295 [INFO] BoardInfo:879 - No configuration file found for board STEVAL-BFA001V2B
2022-10-13 17:54:19,295 [INFO] DbBoards:156 - Kit is not supported: STEVAL-BFA001V2B
2022-10-13 17:54:19,433 [INFO] DbBoards:160 - Found 176 boards, 173 are supported
2022-10-13 17:54:19,439 [INFO] ApiDb:409 - User favorites file not found: C:\Users\Mathe/.stm32cubeide/favorites.boards.txt
2022-10-13 17:54:19,439 [INFO] DbBoards:189 - Set 0 / 0 favorites Boards
2022-10-13 17:54:19,443 [INFO] ApiDb:663 - CubeFinder database Data Model version=2.1
2022-10-13 17:54:19,443 [INFO] ApiDb:664 - CubeFinder database Configuration version=3.0.32
2022-10-13 17:54:19,443 [INFO] ApiDb:665 - CubeFinder database generation date=2022-08-05 (1659688109)
2022-10-13 17:54:19,443 [INFO] ApiDb:666 - CubeFinder database FW Pack versions=[STM32Cube_FW_C0_V1.0.0, STM32Cube_FW_F4_V1.27.1, STM32Cube_FW_F7_V1.17.0, STM32Cube_FW_G0_V1.6.1, STM32Cube_FW_G4_V1.5.0, STM32Cube_FW_H7_V1.10.0, STM32Cube_FW_L5_V1.4.0, STM32Cube_FW_U5_V1.1.1, STM32Cube_FW_WB_V1.14.1, STM32Cube_FW_WL_V1.2.0, X-CUBE-ALGOBUILD_V1.3.0, X-CUBE-ALS_V1.0.1, X-CUBE-AZRTOS-F4_V1.1.0, X-CUBE-AZRTOS-F7_V1.1.0, X-CUBE-AZRTOS-G0_V1.1.0, X-CUBE-AZRTOS-G4_V1.0.0, X-CUBE-AZRTOS-H7_V2.1.0, X-CUBE-AZRTOS-L4_V1.0.0, X-CUBE-AZRTOS-L5_V1.0.0, X-CUBE-AZRTOS-WL_V1.0.0, X-CUBE-BLE1_V6.2.3, X-CUBE-BLE2_V3.3.0, X-CUBE-EEPRMA1_V3.1.1, X-CUBE-GNSS1_V6.0.0, X-CUBE-MEMS1_V9.1.0, X-CUBE-MEMS1_V9.3.0, X-CUBE-NFC4_V2.0.4, X-CUBE-NFC7_V1.0.0, X-CUBE-SFXS2LP1_V4.0.0, X-CUBE-SUBG2_V5.0.0]
2022-10-13 17:54:20,292 [INFO] DbExamplesSqlite:374 - Ignored 31 examples not supported by CubeIDE
2022-10-13 17:54:20,294 [INFO] DbExamplesSqlite:375 - Found 6197 examples active
2022-10-13 17:54:20,294 [INFO] DbExamplesSqlite:376 - Found 89 examples obsolete
2022-10-13 17:54:20,294 [INFO] DbExamplesSqlite:377 - Found 0 examples under development
2022-10-13 17:54:20,294 [INFO] DbExamplesSqlite:378 - Found 76 examples not building
2022-10-13 17:54:20,296 [INFO] DbExamples:124 - Found 6242 examples
2022-10-13 17:54:20,312 [INFO] DbExamples:221 - Found 77 boards with related examples
2022-10-13 17:54:20,314 [INFO] DbExamples:234 - Found 64 MCUs with related examples
2022-10-13 17:54:20,340 [INFO] ApiDb:409 - User favorites file not found: C:\Users\Mathe/.stm32cubeide/favorites.examples.txt
2022-10-13 17:54:20,340 [INFO] DbExamples:249 - Set 0 / 0 favorites Examples
2022-10-13 17:54:20,502 [INFO] McuFinderGlobals:57 - Set McuFinderConnectedMode to true
2022-10-13 17:54:20,528 [INFO] MultiScanPanel:195 - Auto-refresh data requested => check proxy status ongoing
2022-10-13 17:54:20,532 [INFO] FinderPluginLoader:92 - Searching for filters in installed packs
2022-10-13 17:54:21,013 [ERROR] LogOutputStream:74 - [STDERR_REDIRECT] SLF4J: Failed to load class "org.slf4j.impl.StaticLoggerBinder".
2022-10-13 17:54:21,013 [ERROR] LogOutputStream:74 - [STDERR_REDIRECT] SLF4J: Defaulting to no-operation (NOP) logger implementation
2022-10-13 17:54:21,015 [ERROR] LogOutputStream:74 - [STDERR_REDIRECT] SLF4J: See http://www.slf4j.org/codes.html#StaticLoggerBinder for further details.
2022-10-13 17:54:22,069 [INFO] LoadUrlFilesThread:177 - End of LoadServerUrlFiles without Thread
2022-10-13 17:54:22,081 [INFO] DetailPanel:339 - Set advertising image to C:/Users/Mathe/STM32Cube/Repository/\en.Prom_NBSTM32U50921.jpg
2022-10-13 18:04:41,342 [INFO] MainUpdater:2768 - connection check result : 10
2022-10-13 18:04:41,346 [INFO] MainUpdater:2768 - connection check result : 10
2022-10-13 18:04:41,406 [INFO] MicroXplorer:451 - Change Database Path : 
2022-10-13 18:04:41,406 [INFO] MicroXplorer:481 - Change Database Version : DB.6.0.60
2022-10-13 18:04:41,406 [WARN] ThirdParty:827 - waiting for thirdparty lock release [close project]
2022-10-13 18:04:41,410 [INFO] ThirdParty:829 - entering critical section [close project]
2022-10-13 18:04:41,410 [INFO] ThirdParty:839 - exiting critical section [close project]
2022-10-13 18:04:41,418 [INFO] PinOutPanel:1468 - setPackage(No Configuration,No Configuration)
2022-10-13 18:04:41,430 [INFO] UtilMem:74 - Begin LoadConfig() Used Memory: 413897896 Bytes (485490688)
2022-10-13 18:04:41,430 [INFO] MicroXplorer:451 - Change Database Path : 
2022-10-13 18:04:41,430 [INFO] MicroXplorer:481 - Change Database Version : DB.6.0.60
2022-10-13 18:04:41,434 [INFO] OpenFileManager:307 - Change cursor
2022-10-13 18:04:41,534 [INFO] Mcu:1922 - Initializing MCU STM32F103C8Tx STM32F103C8Tx 
2022-10-13 18:04:41,534 [INFO] Mcu:1935 - No CPN specified => set CPN to STM32F103C8T6
2022-10-13 18:04:43,128 [INFO] Context:654 - Trying to add GPIOservice into a context  which must be forbidden
2022-10-13 18:04:43,458 [INFO] ImportTextPane:193 - (OptionalMessage_ERROR) Unable to find key (Mcu.ThirdPartyNb) in loaded IOC file
2022-10-13 18:04:43,458 [INFO] ImportTextPane:193 - (OptionalMessage_ERROR) Unable to find key (Mcu.PinsNb) in loaded IOC file
2022-10-13 18:04:43,458 [INFO] ImportTextPane:193 - (OptionalMessage_ERROR) Unable to find key (Mcu.IPNb) in loaded IOC file
2022-10-13 18:04:43,546 [WARN] ApiManager:308 - Cannot register API 'Board Extension:GNSS1A1' from pack STMicroelectronics.X-CUBE-GNSS1.6.0.0: no header file found
2022-10-13 18:04:43,546 [WARN] ApiManager:308 - Cannot register API 'Board Support:Custom' from pack STMicroelectronics.X-CUBE-GNSS1.6.0.0: no header file found
2022-10-13 18:04:43,550 [WARN] ApiManager:308 - Cannot register API 'Data Exchange:lib_gnss' from pack STMicroelectronics.X-CUBE-GNSS1.6.0.0: no header file found
2022-10-13 18:04:43,558 [WARN] ModelIntegratedComponent:64 - No mode defined for component null
2022-10-13 18:04:43,558 [WARN] ModelIntegratedComponent:64 - No mode defined for component null
2022-10-13 18:04:43,558 [WARN] ModelIntegratedComponent:64 - No mode defined for component null
2022-10-13 18:04:43,558 [WARN] ModelIntegratedComponent:64 - No mode defined for component null
2022-10-13 18:04:43,558 [WARN] ModelIntegratedComponent:64 - No mode defined for component null
2022-10-13 18:04:43,558 [WARN] ModelIntegratedComponent:64 - No mode defined for component null
2022-10-13 18:04:43,558 [WARN] ModelIntegratedComponent:64 - No mode defined for component null
2022-10-13 18:04:43,558 [WARN] ModelIntegratedComponent:64 - No mode defined for component null
2022-10-13 18:04:43,558 [WARN] ModelIntegratedComponent:64 - No mode defined for component null
2022-10-13 18:04:43,558 [WARN] ModelIntegratedComponent:64 - No mode defined for component null
2022-10-13 18:04:43,562 [WARN] ModelIntegratedComponent:64 - No mode defined for component null
2022-10-13 18:04:43,562 [WARN] ModelIntegratedComponent:64 - No mode defined for component null
2022-10-13 18:04:43,562 [WARN] ModelIntegratedComponent:64 - No mode defined for component null
2022-10-13 18:04:43,562 [WARN] ModelIntegratedComponent:64 - No mode defined for component null
2022-10-13 18:04:43,562 [WARN] ModelIntegratedComponent:64 - No mode defined for component null
2022-10-13 18:04:43,562 [WARN] ModelIntegratedComponent:64 - No mode defined for component null
2022-10-13 18:04:43,562 [WARN] ModelIntegratedComponent:64 - No mode defined for component null
2022-10-13 18:04:43,562 [WARN] ModelIntegratedComponent:64 - No mode defined for component null
2022-10-13 18:04:43,562 [WARN] ModelIntegratedComponent:64 - No mode defined for component null
2022-10-13 18:04:43,562 [WARN] ModelIntegratedComponent:64 - No mode defined for component null
2022-10-13 18:04:43,562 [WARN] ModelIntegratedComponent:64 - No mode defined for component null
2022-10-13 18:04:43,562 [WARN] ModelIntegratedComponent:64 - No mode defined for component null
2022-10-13 18:04:43,562 [WARN] ModelIntegratedComponent:64 - No mode defined for component null
2022-10-13 18:04:43,562 [WARN] ModelIntegratedComponent:64 - No mode defined for component null
2022-10-13 18:04:43,562 [WARN] ModelIntegratedComponent:64 - No mode defined for component null
2022-10-13 18:04:43,562 [WARN] ModelIntegratedComponent:64 - No mode defined for component null
2022-10-13 18:04:43,562 [WARN] ModelIntegratedComponent:64 - No mode defined for component null
2022-10-13 18:04:43,562 [WARN] ModelIntegratedComponent:64 - No mode defined for component null
2022-10-13 18:04:43,562 [WARN] ModelIntegratedComponent:64 - No mode defined for component null
2022-10-13 18:04:43,562 [WARN] ModelIntegratedComponent:64 - No mode defined for component null
2022-10-13 18:04:43,562 [WARN] ModelIntegratedComponent:64 - No mode defined for component null
2022-10-13 18:04:43,562 [WARN] ModelIntegratedComponent:64 - No mode defined for component null
2022-10-13 18:04:43,562 [WARN] ModelIntegratedComponent:64 - No mode defined for component null
2022-10-13 18:04:43,566 [WARN] ApiManager:308 - Cannot register API 'Board Extension:NFC07A1' from pack STMicroelectronics.X-CUBE-NFC7.1.0.0: no header file found
2022-10-13 18:04:43,574 [WARN] ApiManager:308 - Cannot register API 'Wireless:BlueNRG-MS' from pack STMicroelectronics.X-CUBE-BLE1.6.2.3: no header file found
2022-10-13 18:04:43,574 [INFO] RtosManager:488 - Registered RTOS mode: class=CMSIS, group=RTOS, mode=CMSIS_V1, owner=FREERTOS
2022-10-13 18:04:43,574 [INFO] RtosManager:488 - Registered RTOS mode: class=CMSIS, group=RTOS2, mode=CMSIS_V2, owner=FREERTOS
2022-10-13 18:04:43,574 [INFO] RtosManager:488 - Registered RTOS mode: class=RTOS, group=Core, mode=CMSIS_V1, owner=FREERTOS
2022-10-13 18:04:43,574 [INFO] RtosManager:488 - Registered RTOS mode: class=RTOS, group=Core, mode=CMSIS_V2, owner=FREERTOS
2022-10-13 18:04:43,574 [WARN] ModelIntegratedComponent:185 - Missing modes for component STMicroelectronics:FreeRTOS:0.0.1:STMicroelectronics:RTOS:FreeRTOS:Core:::10.2.0:
2022-10-13 18:04:43,586 [WARN] ApiManager:308 - Cannot register API 'Board Extension:S2868A1' from pack STMicroelectronics.X-CUBE-SUBG2.5.0.0: no header file found
2022-10-13 18:04:43,586 [WARN] ApiManager:308 - Cannot register API 'Board Extension:S2868A2' from pack STMicroelectronics.X-CUBE-SUBG2.5.0.0: no header file found
2022-10-13 18:04:43,586 [WARN] ApiManager:308 - Cannot register API 'Board Extension:S2915A1' from pack STMicroelectronics.X-CUBE-SUBG2.5.0.0: no header file found
2022-10-13 18:04:43,590 [WARN] ApiManager:308 - Cannot register API 'Board Extension:EEPRMA1' from pack STMicroelectronics.X-CUBE-EEPRMA1.3.1.1: no header file found
2022-10-13 18:04:43,590 [WARN] ApiManager:308 - Cannot register API 'Board Extension:EEPRMA2' from pack STMicroelectronics.X-CUBE-EEPRMA1.3.1.1: no header file found
2022-10-13 18:04:43,590 [WARN] ApiManager:308 - Cannot register API 'Wireless:BlueNRG-2' from pack STMicroelectronics.X-CUBE-BLE2.3.3.0: no header file found
2022-10-13 18:04:43,590 [WARN] ApiManager:308 - Cannot register API 'Board Extension:NFC04A1' from pack STMicroelectronics.X-CUBE-NFC4.2.0.4: no header file found
2022-10-13 18:04:43,602 [INFO] ThirdPartyModel:289 - Start build external matchings
2022-10-13 18:04:43,618 [INFO] ThirdPartyModel:302 - End build external matchings
2022-10-13 18:04:43,955 [INFO] UtilMem:74 - End LoadConfig() Used Memory: 405942984 Bytes (485490688)
2022-10-13 18:04:43,991 [WARN] ThirdParty:789 - waiting for thirdparty lock release [change project]
2022-10-13 18:04:43,995 [INFO] ThirdParty:791 - entering critical section [change project]
2022-10-13 18:04:43,995 [INFO] ThirdParty:981 - CMSIS Pack Vendor :STMicroelectronics X-CUBE-GNSS1 6.0.0
2022-10-13 18:04:43,995 [INFO] ThirdParty:981 - CMSIS Pack Vendor :STMicroelectronics USB_HOST 2.0.0
2022-10-13 18:04:43,995 [INFO] ThirdParty:981 - CMSIS Pack Vendor :STMicroelectronics LIBJPEG 8.0.0
2022-10-13 18:04:43,995 [INFO] ThirdParty:981 - CMSIS Pack Vendor :STMicroelectronics USB_DEVICE 3.0.0
2022-10-13 18:04:43,995 [INFO] ThirdParty:981 - CMSIS Pack Vendor :STMicroelectronics HAL Drivers 0.0.0
2022-10-13 18:04:43,995 [INFO] ThirdParty:981 - CMSIS Pack Vendor :STMicroelectronics MBEDTLS 2.16.2
2022-10-13 18:04:43,995 [INFO] ThirdParty:981 - CMSIS Pack Vendor :STMicroelectronics MBEDTLS 2.14.1
2022-10-13 18:04:43,995 [INFO] ThirdParty:981 - CMSIS Pack Vendor :STMicroelectronics X-CUBE-NFC7 1.0.0
2022-10-13 18:04:43,995 [INFO] ThirdParty:981 - CMSIS Pack Vendor :STMicroelectronics X-CUBE-ALS 1.0.1
2022-10-13 18:04:43,995 [INFO] ThirdParty:981 - CMSIS Pack Vendor :STMicroelectronics USB_DEVICE 2.0.0
2022-10-13 18:04:43,995 [INFO] ThirdParty:981 - CMSIS Pack Vendor :STMicroelectronics ThreadX 1.0.0
2022-10-13 18:04:43,995 [INFO] ThirdParty:981 - CMSIS Pack Vendor :STMicroelectronics X-CUBE-BLE1 6.2.3
2022-10-13 18:04:43,995 [INFO] ThirdParty:981 - CMSIS Pack Vendor :STMicroelectronics FreeRTOS 0.0.1
2022-10-13 18:04:43,995 [INFO] ThirdParty:981 - CMSIS Pack Vendor :STMicroelectronics USB_DEVICE 1.0.0
2022-10-13 18:04:43,995 [INFO] ThirdParty:981 - CMSIS Pack Vendor :STMicroelectronics X-CUBE-SUBG2 5.0.0
2022-10-13 18:04:43,995 [INFO] ThirdParty:981 - CMSIS Pack Vendor :STMicroelectronics STM32_WPAN 1.0.0
2022-10-13 18:04:43,995 [INFO] ThirdParty:981 - CMSIS Pack Vendor :STMicroelectronics X-CUBE-EEPRMA1 3.1.1
2022-10-13 18:04:43,995 [INFO] ThirdParty:981 - CMSIS Pack Vendor :STMicroelectronics ThreadX 0.0.2
2022-10-13 18:04:43,995 [INFO] ThirdParty:981 - CMSIS Pack Vendor :STMicroelectronics lwIP 2.0.3
2022-10-13 18:04:43,995 [INFO] ThirdParty:981 - CMSIS Pack Vendor :STMicroelectronics lwIP 2.1.2
2022-10-13 18:04:43,995 [INFO] ThirdParty:981 - CMSIS Pack Vendor :STMicroelectronics X-CUBE-BLE2 3.3.0
2022-10-13 18:04:43,995 [INFO] ThirdParty:981 - CMSIS Pack Vendor :STMicroelectronics X-CUBE-NFC4 2.0.4
2022-10-13 18:04:43,995 [INFO] ThirdParty:981 - CMSIS Pack Vendor :STMicroelectronics USB_HOST 1.0.0
2022-10-13 18:04:43,995 [INFO] ThirdParty:981 - CMSIS Pack Vendor :STMicroelectronics X-CUBE-DISPLAY 2.2.0
2022-10-13 18:04:43,995 [INFO] ThirdParty:981 - CMSIS Pack Vendor :STMicroelectronics PDM2PCM 3.1.0
2022-10-13 18:04:43,995 [INFO] ThirdParty:981 - CMSIS Pack Vendor :STMicroelectronics PDM2PCM 3.2.0
2022-10-13 18:04:43,995 [INFO] ThirdParty:981 - CMSIS Pack Vendor :STMicroelectronics PDM2PCM 3.3.0
2022-10-13 18:04:43,995 [INFO] ThirdParty:797 - exiting critical section [change project]
2022-10-13 18:04:44,406 [INFO] PinOutPanel:1468 - setPackage(No Configuration,No Configuration)
2022-10-13 18:04:44,406 [INFO] PinOutPanel:1468 - setPackage(STM32F103C8Tx,LQFP48)
2022-10-13 18:04:45,078 [INFO] UtilMem:74 - Before build in PCC Used Memory: 421477072 Bytes (485490688)
2022-10-13 18:04:46,189 [INFO] UtilMem:74 - After build in PCC Used Memory: 417826144 Bytes (485490688)
2022-10-13 18:04:46,217 [INFO] IPUIPlugin:79 - create IPUIPlugin
2022-10-13 18:04:46,217 [INFO] IPUIPlugin:79 - create IPUIPlugin
2022-10-13 18:04:46,217 [INFO] IPUIPlugin:79 - create IPUIPlugin
2022-10-13 18:04:46,217 [INFO] IPUIPlugin:79 - create IPUIPlugin
2022-10-13 18:04:46,217 [INFO] IPUIPlugin:79 - create IPUIPlugin
2022-10-13 18:04:46,217 [INFO] IPUIPlugin:79 - create IPUIPlugin
2022-10-13 18:04:46,217 [INFO] IPUIPlugin:79 - create IPUIPlugin
2022-10-13 18:04:46,217 [INFO] IPUIPlugin:79 - create IPUIPlugin
2022-10-13 18:04:46,217 [INFO] IPUIPlugin:79 - create IPUIPlugin
2022-10-13 18:04:46,217 [INFO] IPUIPlugin:79 - create IPUIPlugin
2022-10-13 18:04:46,217 [INFO] IPUIPlugin:79 - create IPUIPlugin
2022-10-13 18:04:46,217 [INFO] IPUIPlugin:79 - create IPUIPlugin
2022-10-13 18:04:46,217 [INFO] IPUIPlugin:79 - create IPUIPlugin
2022-10-13 18:04:46,221 [INFO] IPUIPlugin:79 - create IPUIPlugin
2022-10-13 18:04:46,221 [INFO] IPUIPlugin:79 - create IPUIPlugin
2022-10-13 18:04:46,221 [INFO] IPUIPlugin:79 - create IPUIPlugin
2022-10-13 18:04:46,225 [INFO] IPUIPlugin:79 - create IPUIPlugin
2022-10-13 18:04:46,225 [INFO] IPUIPlugin:79 - create IPUIPlugin
2022-10-13 18:04:46,225 [INFO] IPUIPlugin:79 - create IPUIPlugin
2022-10-13 18:04:46,225 [INFO] IPUIPlugin:79 - create IPUIPlugin
2022-10-13 18:04:46,229 [INFO] IPUIPlugin:79 - create IPUIPlugin
2022-10-13 18:04:46,229 [INFO] IPUIPlugin:79 - create IPUIPlugin
2022-10-13 18:04:46,229 [INFO] IPUIPlugin:79 - create IPUIPlugin
2022-10-13 18:04:46,229 [INFO] IPUIPlugin:79 - create IPUIPlugin
2022-10-13 18:04:46,229 [INFO] IPUIPlugin:79 - create IPUIPlugin
2022-10-13 18:04:46,229 [INFO] IPUIPlugin:79 - create IPUIPlugin
2022-10-13 18:04:46,229 [INFO] IPUIPlugin:79 - create IPUIPlugin
2022-10-13 18:04:46,514 [INFO] OpenFileManager:327 - Restore cursor
2022-10-13 18:04:47,397 [INFO] UtilMem:74 - End SaveConfig() Used Memory: 425059576 Bytes (485490688)
2022-10-13 18:04:48,885 [INFO] ServerAccessManage:474 - Download File stm32cube_fw_f1_v180.zip
2022-10-13 18:05:05,280 [ERROR] FileExtend:454 - File entry not found
2022-10-13 18:05:05,288 [INFO] FileExtend:239 - Unzip File : stm32cube_fw_f1_v180.zip
2022-10-13 18:05:05,288 [INFO] FileExtend:254 - Standard Zip Deflate
2022-10-13 18:05:22,840 [INFO] ServerAccessManage:474 - Download File stm32cube_fw_f1_v184.zip
2022-10-13 18:05:31,540 [INFO] FileExtend:239 - Unzip File : stm32cube_fw_f1_v184.zip
2022-10-13 18:05:31,540 [INFO] FileExtend:254 - Standard Zip Deflate
2022-10-13 18:05:38,272 [INFO] LoadServerPackagesThread:190 - End of LoadServerPackages Thread
2022-10-13 18:05:38,421 [INFO] ThirdPartyModel:289 - Start build external matchings
2022-10-13 18:05:38,424 [INFO] UtilMem:74 - End SaveConfig() Used Memory: 658353360 Bytes (943718400)
2022-10-13 18:05:38,424 [INFO] ThirdPartyModel:302 - End build external matchings
2022-10-13 18:05:38,424 [INFO] CheckServerUpdateThread:119 - End of CheckServer Thread
2022-10-13 18:05:39,016 [INFO] BlockDiagram:2753 - set Specific Code input for plugin: NVIC
2022-10-13 18:05:39,016 [INFO] BlockDiagram:2753 - set Specific Code input for plugin: RCC
2022-10-13 18:05:39,024 [INFO] CodeGenerator:690 - code generatio: config db path: C:\ST\STM32CubeIDE_1.10.1\STM32CubeIDE\plugins\com.st.stm32cube.common.mx_6.6.1.202207061420\\db\
2022-10-13 18:05:39,377 [INFO] CodeEngine:245 - oldGeneratedFile, C:\Users\Mathe\Desktop\projetos\STM-ARM32-IFES\Controle_LED_PWM_aula9\MXTmpFiles\license.tmp_save
2022-10-13 18:05:39,794 [INFO] CodeEngine:269 - Generated code: C:\Users\Mathe\Desktop\projetos\STM-ARM32-IFES\Controle_LED_PWM_aula9\MXTmpFiles\license.tmp
2022-10-13 18:05:39,809 [INFO] CodeEngine:245 - oldGeneratedFile, C:\Users\Mathe\Desktop\projetos\STM-ARM32-IFES\Controle_LED_PWM_aula9\Core\Src\stm32f1xx_it.c_save
2022-10-13 18:05:39,956 [INFO] CodeEngine:269 - Generated code: C:\Users\Mathe\Desktop\projetos\STM-ARM32-IFES\Controle_LED_PWM_aula9\Core\Src\stm32f1xx_it.c
2022-10-13 18:05:39,979 [INFO] CodeEngine:245 - oldGeneratedFile, C:\Users\Mathe\Desktop\projetos\STM-ARM32-IFES\Controle_LED_PWM_aula9\Core\Inc\stm32f1xx_it.h_save
2022-10-13 18:05:40,095 [INFO] CodeEngine:269 - Generated code: C:\Users\Mathe\Desktop\projetos\STM-ARM32-IFES\Controle_LED_PWM_aula9\Core\Inc\stm32f1xx_it.h
2022-10-13 18:05:40,210 [INFO] CodeEngine:245 - oldGeneratedFile, C:\Users\Mathe\Desktop\projetos\STM-ARM32-IFES\Controle_LED_PWM_aula9\Core\Src\stm32f1xx_hal_msp.c_save
2022-10-13 18:05:40,379 [INFO] CodeEngine:269 - Generated code: C:\Users\Mathe\Desktop\projetos\STM-ARM32-IFES\Controle_LED_PWM_aula9\Core\Src\stm32f1xx_hal_msp.c
2022-10-13 18:05:40,388 [INFO] CodeEngine:245 - oldGeneratedFile, C:\Users\Mathe\Desktop\projetos\STM-ARM32-IFES\Controle_LED_PWM_aula9\MXTmpFiles\system.tmp_save
2022-10-13 18:05:40,480 [INFO] CodeEngine:269 - Generated code: C:\Users\Mathe\Desktop\projetos\STM-ARM32-IFES\Controle_LED_PWM_aula9\MXTmpFiles\system.tmp
2022-10-13 18:05:40,495 [INFO] CodeEngine:245 - oldGeneratedFile, C:\Users\Mathe\Desktop\projetos\STM-ARM32-IFES\Controle_LED_PWM_aula9\Core\Inc\stm32f1xx_hal_conf.h_save
2022-10-13 18:05:40,638 [INFO] CodeEngine:269 - Generated code: C:\Users\Mathe\Desktop\projetos\STM-ARM32-IFES\Controle_LED_PWM_aula9\Core\Inc\stm32f1xx_hal_conf.h
2022-10-13 18:05:40,696 [INFO] CodeEngine:245 - oldGeneratedFile, C:\Users\Mathe\Desktop\projetos\STM-ARM32-IFES\Controle_LED_PWM_aula9\Core\Inc\main.h_save
2022-10-13 18:05:40,812 [INFO] CodeEngine:269 - Generated code: C:\Users\Mathe\Desktop\projetos\STM-ARM32-IFES\Controle_LED_PWM_aula9\Core\Inc\main.h
2022-10-13 18:05:40,842 [INFO] CodeEngine:245 - oldGeneratedFile, C:\Users\Mathe\Desktop\projetos\STM-ARM32-IFES\Controle_LED_PWM_aula9\Core\Src\main.c_save
2022-10-13 18:05:40,981 [INFO] CodeEngine:269 - Generated code: C:\Users\Mathe\Desktop\projetos\STM-ARM32-IFES\Controle_LED_PWM_aula9\Core\Src\main.c
2022-10-13 18:05:41,916 [INFO] ProjectBuilder:2919 - Time for Copy HAL[1] : 231mS.
2022-10-13 18:05:41,931 [INFO] ProjectBuilder:4117 - Project Generator version: 3.17.1
2022-10-13 18:05:42,248 [INFO] ConfigFileManager:1394 - The Die is : DIE410
2022-10-13 18:05:42,270 [INFO] ApiDbMcu:505 - Load IP Config File for FATFS
2022-10-13 18:05:42,285 [INFO] ApiDbMcu:505 - Load IP Config File for FREERTOS
2022-10-13 18:05:42,301 [INFO] ApiDbMcu:505 - Load IP Config File for USB_DEVICE
2022-10-13 18:05:46,115 [INFO] ProjectBuilder:4285 - Time for Generating toolchain IDE Files: 4184mS.
2022-10-13 18:05:46,115 [INFO] ProjectBuilder:2790 - Time for Copy CMSIS : 0mS.
2022-10-13 18:05:46,115 [INFO] ProjectBuilder:2790 - Time for Copy CMSIS : 0mS.
2022-10-13 18:05:46,580 [INFO] McuFinderGlobals:57 - Set McuFinderConnectedMode to true
2022-10-13 18:05:46,580 [INFO] ApiDb:443 - Save user favorites file C:\Users\Mathe/.stm32cubeide/favorites.mcus.txt: 0 item(s)
2022-10-13 18:05:46,580 [INFO] ApiDb:447 - User favorites MCUs=[]
2022-10-13 18:14:12,744 [ERROR] LogOutputStream:74 - [STDERR_REDIRECT] 
